
[2019-07-22 08:49:33 -0500] [2073] [INFO] Handling signal: term
[2019-07-22 08:49:33 -0500] [3105] [INFO] Worker exiting (pid: 3105)
[2019-07-22 08:49:33 -0500] [2073] [INFO] Shutting down: Master
[2019-07-22 08:49:33 -0500] [5701] [INFO] Starting gunicorn 19.9.0
[2019-07-22 08:49:33 -0500] [5701] [INFO] Listening at: http://127.0.0.1:4449 (5701)
[2019-07-22 08:49:33 -0500] [5701] [INFO] Using worker: sync
[2019-07-22 08:49:33 -0500] [5704] [INFO] Booting worker with pid: 5704
[2019-07-22 08:51:35 -0500] [5701] [INFO] Handling signal: term
[2019-07-22 08:51:35 -0500] [5704] [INFO] Worker exiting (pid: 5704)
[2019-07-22 08:51:36 -0500] [5701] [INFO] Shutting down: Master
[2019-07-22 08:51:36 -0500] [5731] [INFO] Starting gunicorn 19.9.0
[2019-07-22 08:51:36 -0500] [5731] [INFO] Listening at: http://127.0.0.1:4449 (5731)
[2019-07-22 08:51:36 -0500] [5731] [INFO] Using worker: sync
[2019-07-22 08:51:36 -0500] [5734] [INFO] Booting worker with pid: 5734
[2019-07-22 08:51:41,477] ERROR in app: Exception on /search/bin [POST]
Traceback (most recent call last):
  File "/home/kiero/production/services/buscador_elasticsearch/routes/add_route/search.py", line 277, in post
    retorno = self._search_products(search_query)
  File "/home/kiero/production/services/buscador_elasticsearch/routes/add_route/search.py", line 136, in _search_products
    correction = self._suggestWords(query)
  File "/home/kiero/production/services/buscador_elasticsearch/routes/add_route/search.py", line 104, in _suggestWords
    "field" : "Titulo"
  File "/home/kiero/production/services/.env/lib/python3.5/site-packages/elasticsearch/client/utils.py", line 84, in _wrapped
    return func(*args, params=params, **kwargs)
  File "/home/kiero/production/services/.env/lib/python3.5/site-packages/elasticsearch/client/__init__.py", line 819, in search
    "GET", _make_path(index, "_search"), params=params, body=body
  File "/home/kiero/production/services/.env/lib/python3.5/site-packages/elasticsearch/transport.py", line 353, in perform_request
    timeout=timeout,
  File "/home/kiero/production/services/.env/lib/python3.5/site-packages/elasticsearch/connection/http_urllib3.py", line 251, in perform_request
    self._raise_error(response.status, raw_data)
  File "/home/kiero/production/services/.env/lib/python3.5/site-packages/elasticsearch/connection/base.py", line 178, in _raise_error
    status_code, error_message, additional_info
elasticsearch.exceptions.NotFoundError: NotFoundError(404, 'index_not_found_exception', 'no such index [publies_productsa]', publies_productsa, index_or_alias)

During handling of the above exception, another exception occurred:

Traceback (most recent call last):
  File "/home/kiero/production/services/.env/lib/python3.5/site-packages/flask/app.py", line 1813, in full_dispatch_request
    rv = self.dispatch_request()
  File "/home/kiero/production/services/.env/lib/python3.5/site-packages/flask/app.py", line 1799, in dispatch_request
    return self.view_functions[rule.endpoint](**req.view_args)
  File "/home/kiero/production/services/.env/lib/python3.5/site-packages/flask_restful/__init__.py", line 458, in wrapper
    resp = resource(*args, **kwargs)
  File "/home/kiero/production/services/.env/lib/python3.5/site-packages/flask/views.py", line 88, in view
    return self.dispatch_request(*args, **kwargs)
  File "/home/kiero/production/services/.env/lib/python3.5/site-packages/flask_restful/__init__.py", line 573, in dispatch_request
    resp = meth(*args, **kwargs)
  File "/home/kiero/production/services/buscador_elasticsearch/routes/add_route/search.py", line 293, in post
    _json = json.dumps(objectoJson)
  File "/usr/lib/python3.5/json/__init__.py", line 230, in dumps
    return _default_encoder.encode(obj)
  File "/usr/lib/python3.5/json/encoder.py", line 198, in encode
    chunks = self.iterencode(o, _one_shot=True)
  File "/usr/lib/python3.5/json/encoder.py", line 256, in iterencode
    return _iterencode(o, 0)
  File "/usr/lib/python3.5/json/encoder.py", line 179, in default
    raise TypeError(repr(o) + " is not JSON serializable")
TypeError: NotFoundError(404, 'index_not_found_exception', {'error': {'index': 'publies_productsa', 'reason': 'no such index [publies_productsa]', 'resource.id': 'publies_productsa', 'root_cause': [{'index': 'publies_productsa', 'reason': 'no such index [publies_productsa]', 'resource.id': 'publies_productsa', 'type': 'index_not_found_exception', 'resource.type': 'index_or_alias', 'index_uuid': '_na_'}], 'type': 'index_not_found_exception', 'resource.type': 'index_or_alias', 'index_uuid': '_na_'}, 'status': 404}) is not JSON serializable
[2019-07-22 08:53:45 -0500] [5731] [INFO] Handling signal: term
[2019-07-22 08:53:45 -0500] [5734] [INFO] Worker exiting (pid: 5734)
[2019-07-22 08:53:45 -0500] [5731] [INFO] Shutting down: Master
[2019-07-22 08:53:45 -0500] [5741] [INFO] Starting gunicorn 19.9.0
[2019-07-22 08:53:45 -0500] [5741] [INFO] Listening at: http://127.0.0.1:4449 (5741)
[2019-07-22 08:53:45 -0500] [5741] [INFO] Using worker: sync
[2019-07-22 08:53:45 -0500] [5744] [INFO] Booting worker with pid: 5744
[2019-07-22 08:59:42 -0500] [5741] [INFO] Handling signal: term
[2019-07-22 08:59:42 -0500] [5744] [INFO] Worker exiting (pid: 5744)
[2019-07-22 08:59:42 -0500] [5741] [INFO] Shutting down: Master
[2019-07-22 08:59:42 -0500] [5796] [INFO] Starting gunicorn 19.9.0
[2019-07-22 08:59:42 -0500] [5796] [INFO] Listening at: http://127.0.0.1:4449 (5796)
[2019-07-22 08:59:42 -0500] [5796] [INFO] Using worker: sync
[2019-07-22 08:59:42 -0500] [5799] [INFO] Booting worker with pid: 5799
[2019-07-22 10:05:45 -0500] [5796] [CRITICAL] WORKER TIMEOUT (pid:5799)
[2019-07-22 10:05:45 -0500] [5799] [INFO] Worker exiting (pid: 5799)
[2019-07-22 10:05:46 -0500] [9265] [INFO] Booting worker with pid: 9265
[2019-07-22 10:06:09 -0500] [5796] [INFO] Handling signal: term
[2019-07-22 10:06:09 -0500] [9265] [INFO] Worker exiting (pid: 9265)
[2019-07-22 10:06:14 -0500] [5796] [INFO] Shutting down: Master
[2019-07-22 10:07:26 -0500] [9330] [INFO] Starting gunicorn 19.9.0
[2019-07-22 10:07:26 -0500] [9330] [INFO] Listening at: http://127.0.0.1:4449 (9330)
[2019-07-22 10:07:26 -0500] [9330] [INFO] Using worker: sync
[2019-07-22 10:07:27 -0500] [9429] [INFO] Booting worker with pid: 9429
[2019-07-22 10:52:42 -0500] [9330] [INFO] Handling signal: term
[2019-07-22 10:52:42 -0500] [9429] [INFO] Worker exiting (pid: 9429)
[2019-07-22 10:52:43 -0500] [9330] [INFO] Shutting down: Master
[2019-07-22 10:52:43 -0500] [12606] [INFO] Starting gunicorn 19.9.0
[2019-07-22 10:52:43 -0500] [12606] [INFO] Listening at: http://127.0.0.1:4449 (12606)
[2019-07-22 10:52:43 -0500] [12606] [INFO] Using worker: sync
[2019-07-22 10:52:43 -0500] [12609] [INFO] Booting worker with pid: 12609
[2019-07-22 10:55:12 -0500] [12606] [INFO] Handling signal: term
[2019-07-22 10:55:12 -0500] [12609] [INFO] Worker exiting (pid: 12609)
[2019-07-22 10:55:12 -0500] [12606] [INFO] Shutting down: Master
[2019-07-22 10:55:12 -0500] [12813] [INFO] Starting gunicorn 19.9.0
[2019-07-22 10:55:12 -0500] [12813] [INFO] Listening at: http://127.0.0.1:4449 (12813)
[2019-07-22 10:55:12 -0500] [12813] [INFO] Using worker: sync
[2019-07-22 10:55:13 -0500] [12816] [INFO] Booting worker with pid: 12816
[2019-07-22 17:12:34 -0500] [12813] [INFO] Handling signal: term
[2019-07-22 17:12:34 -0500] [12816] [INFO] Worker exiting (pid: 12816)
[2019-07-22 17:12:35 -0500] [12813] [INFO] Shutting down: Master
[2019-07-22 17:12:37 -0500] [28854] [INFO] Starting gunicorn 19.9.0
[2019-07-22 17:12:37 -0500] [28854] [INFO] Listening at: http://127.0.0.1:4449 (28854)
[2019-07-22 17:12:37 -0500] [28854] [INFO] Using worker: sync
[2019-07-22 17:12:37 -0500] [28956] [INFO] Booting worker with pid: 28956
[2019-07-23 00:05:41 -0500] [28854] [CRITICAL] WORKER TIMEOUT (pid:28956)
[2019-07-23 00:06:03 -0500] [32750] [INFO] Booting worker with pid: 32750
[2019-07-23 07:54:32 -0500] [2200] [INFO] Starting gunicorn 19.9.0
[2019-07-23 07:54:32 -0500] [2200] [INFO] Listening at: http://127.0.0.1:4449 (2200)
[2019-07-23 07:54:32 -0500] [2200] [INFO] Using worker: sync
[2019-07-23 07:54:32 -0500] [2543] [INFO] Booting worker with pid: 2543
[2019-07-23 07:55:02 -0500] [2200] [CRITICAL] WORKER TIMEOUT (pid:2543)
[2019-07-23 07:55:52 -0500] [3198] [INFO] Booting worker with pid: 3198
[2019-07-23 08:50:49 -0500] [2200] [CRITICAL] WORKER TIMEOUT (pid:3198)
[2019-07-23 08:50:49 -0500] [3198] [INFO] Worker exiting (pid: 3198)
[2019-07-23 08:50:49 -0500] [7462] [INFO] Booting worker with pid: 7462
[2019-07-23 10:20:24 -0500] [2200] [INFO] Handling signal: term
[2019-07-23 10:20:24 -0500] [7462] [INFO] Worker exiting (pid: 7462)
[2019-07-23 10:20:26 -0500] [2200] [INFO] Shutting down: Master
[2019-07-23 10:20:43 -0500] [9742] [INFO] Starting gunicorn 19.9.0
[2019-07-23 10:20:43 -0500] [9742] [INFO] Listening at: http://127.0.0.1:4449 (9742)
[2019-07-23 10:20:43 -0500] [9742] [INFO] Using worker: sync
[2019-07-23 10:20:43 -0500] [9816] [INFO] Booting worker with pid: 9816
[2019-07-23 14:34:03 -0500] [9742] [INFO] Handling signal: term
[2019-07-23 14:34:03 -0500] [9816] [INFO] Worker exiting (pid: 9816)
[2019-07-23 14:34:03 -0500] [9742] [INFO] Shutting down: Master
[2019-07-23 14:34:05 -0500] [15876] [INFO] Starting gunicorn 19.9.0
[2019-07-23 14:34:05 -0500] [15876] [INFO] Listening at: http://127.0.0.1:4449 (15876)
[2019-07-23 14:34:05 -0500] [15876] [INFO] Using worker: sync
[2019-07-23 14:34:05 -0500] [15947] [INFO] Booting worker with pid: 15947
[2019-07-24 00:15:38 -0500] [15876] [CRITICAL] WORKER TIMEOUT (pid:15947)
[2019-07-24 00:15:48 -0500] [27659] [INFO] Booting worker with pid: 27659
[2019-07-24 07:03:51 -0500] [2308] [INFO] Starting gunicorn 19.9.0
[2019-07-24 07:03:51 -0500] [2308] [INFO] Listening at: http://127.0.0.1:4449 (2308)
[2019-07-24 07:03:51 -0500] [2308] [INFO] Using worker: sync
[2019-07-24 07:03:51 -0500] [2629] [INFO] Booting worker with pid: 2629
[2019-07-24 07:04:21 -0500] [2308] [CRITICAL] WORKER TIMEOUT (pid:2629)
[2019-07-24 07:04:21 -0500] [2629] [INFO] Worker exiting (pid: 2629)
[2019-07-24 07:04:22 -0500] [3267] [INFO] Booting worker with pid: 3267
[2019-07-24 07:04:52 -0500] [2308] [CRITICAL] WORKER TIMEOUT (pid:3267)
[2019-07-24 07:04:52 -0500] [3267] [INFO] Worker exiting (pid: 3267)
[2019-07-24 07:04:53 -0500] [3433] [INFO] Booting worker with pid: 3433
[2019-07-24 07:05:23 -0500] [2308] [CRITICAL] WORKER TIMEOUT (pid:3433)
[2019-07-24 07:05:52 -0500] [3528] [INFO] Booting worker with pid: 3528
[2019-07-24 07:06:22 -0500] [2308] [CRITICAL] WORKER TIMEOUT (pid:3528)
[2019-07-24 07:06:37 -0500] [3723] [INFO] Booting worker with pid: 3723
[2019-07-24 07:07:07 -0500] [2308] [CRITICAL] WORKER TIMEOUT (pid:3723)
[2019-07-24 07:07:07 -0500] [3723] [INFO] Worker exiting (pid: 3723)
[2019-07-24 07:07:08 -0500] [3860] [INFO] Booting worker with pid: 3860
[2019-07-24 07:07:38 -0500] [2308] [CRITICAL] WORKER TIMEOUT (pid:3860)
[2019-07-24 07:07:40 -0500] [3979] [INFO] Booting worker with pid: 3979
[2019-07-24 07:08:10 -0500] [2308] [CRITICAL] WORKER TIMEOUT (pid:3979)
[2019-07-24 07:08:44 -0500] [4124] [INFO] Booting worker with pid: 4124
[2019-07-24 07:09:14 -0500] [2308] [CRITICAL] WORKER TIMEOUT (pid:4124)
[2019-07-24 07:09:19 -0500] [4273] [INFO] Booting worker with pid: 4273
[2019-07-24 07:09:49 -0500] [2308] [CRITICAL] WORKER TIMEOUT (pid:4273)
[2019-07-24 07:09:59 -0500] [4394] [INFO] Booting worker with pid: 4394
[2019-07-24 07:10:29 -0500] [2308] [CRITICAL] WORKER TIMEOUT (pid:4394)
[2019-07-24 07:10:31 -0500] [4450] [INFO] Booting worker with pid: 4450
[2019-07-24 07:11:01 -0500] [2308] [CRITICAL] WORKER TIMEOUT (pid:4450)
[2019-07-24 07:11:02 -0500] [4512] [INFO] Booting worker with pid: 4512
[2019-07-24 07:11:32 -0500] [2308] [CRITICAL] WORKER TIMEOUT (pid:4512)
[2019-07-24 07:11:33 -0500] [4576] [INFO] Booting worker with pid: 4576
[2019-07-24 07:12:03 -0500] [2308] [CRITICAL] WORKER TIMEOUT (pid:4576)
[2019-07-24 07:12:08 -0500] [4650] [INFO] Booting worker with pid: 4650
[2019-07-24 07:12:38 -0500] [2308] [CRITICAL] WORKER TIMEOUT (pid:4650)
[2019-07-24 07:12:38 -0500] [4650] [INFO] Worker exiting (pid: 4650)
[2019-07-24 07:12:39 -0500] [4795] [INFO] Booting worker with pid: 4795
[2019-07-24 07:13:09 -0500] [2308] [CRITICAL] WORKER TIMEOUT (pid:4795)
[2019-07-24 07:13:09 -0500] [4795] [INFO] Worker exiting (pid: 4795)
[2019-07-24 07:13:10 -0500] [4941] [INFO] Booting worker with pid: 4941
[2019-07-24 07:13:40 -0500] [2308] [CRITICAL] WORKER TIMEOUT (pid:4941)
[2019-07-24 07:13:45 -0500] [5058] [INFO] Booting worker with pid: 5058
[2019-07-24 07:14:15 -0500] [2308] [CRITICAL] WORKER TIMEOUT (pid:5058)
[2019-07-24 07:14:19 -0500] [5220] [INFO] Booting worker with pid: 5220
[2019-07-24 07:14:49 -0500] [2308] [CRITICAL] WORKER TIMEOUT (pid:5220)
[2019-07-24 07:14:50 -0500] [5387] [INFO] Booting worker with pid: 5387
[2019-07-24 07:15:20 -0500] [2308] [CRITICAL] WORKER TIMEOUT (pid:5387)
[2019-07-24 07:16:14 -0500] [5444] [INFO] Booting worker with pid: 5444
[2019-07-24 07:16:44 -0500] [2308] [CRITICAL] WORKER TIMEOUT (pid:5444)
[2019-07-24 07:16:46 -0500] [5709] [INFO] Booting worker with pid: 5709
[2019-07-24 07:25:39 -0500] [2308] [CRITICAL] WORKER TIMEOUT (pid:5709)
[2019-07-24 07:25:43 -0500] [6593] [INFO] Booting worker with pid: 6593
[2019-07-24 07:57:13 -0500] [2160] [INFO] Starting gunicorn 19.9.0
[2019-07-24 07:57:13 -0500] [2160] [INFO] Listening at: http://127.0.0.1:4449 (2160)
[2019-07-24 07:57:13 -0500] [2160] [INFO] Using worker: sync
[2019-07-24 07:57:13 -0500] [2296] [INFO] Booting worker with pid: 2296
[2019-07-24 07:57:43 -0500] [2160] [CRITICAL] WORKER TIMEOUT (pid:2296)
[2019-07-24 07:57:46 -0500] [2415] [INFO] Booting worker with pid: 2415
[2019-07-24 07:58:16 -0500] [2160] [CRITICAL] WORKER TIMEOUT (pid:2415)
[2019-07-24 07:58:23 -0500] [2576] [INFO] Booting worker with pid: 2576
[2019-07-24 07:58:53 -0500] [2160] [CRITICAL] WORKER TIMEOUT (pid:2576)
[2019-07-24 07:58:56 -0500] [3121] [INFO] Booting worker with pid: 3121
[2019-07-24 07:59:26 -0500] [2160] [CRITICAL] WORKER TIMEOUT (pid:3121)
[2019-07-24 07:59:34 -0500] [3375] [INFO] Booting worker with pid: 3375
[2019-07-24 08:00:04 -0500] [2160] [CRITICAL] WORKER TIMEOUT (pid:3375)
[2019-07-24 08:00:05 -0500] [3375] [INFO] Worker exiting (pid: 3375)
[2019-07-24 08:00:06 -0500] [3429] [INFO] Booting worker with pid: 3429
[2019-07-24 08:00:36 -0500] [2160] [CRITICAL] WORKER TIMEOUT (pid:3429)
[2019-07-24 08:00:48 -0500] [3498] [INFO] Booting worker with pid: 3498
[2019-07-24 08:01:18 -0500] [2160] [CRITICAL] WORKER TIMEOUT (pid:3498)
[2019-07-24 08:01:18 -0500] [3498] [INFO] Worker exiting (pid: 3498)
[2019-07-24 08:01:19 -0500] [3591] [INFO] Booting worker with pid: 3591
[2019-07-24 08:10:37 -0500] [2160] [CRITICAL] WORKER TIMEOUT (pid:3591)
[2019-07-24 08:10:38 -0500] [3591] [INFO] Worker exiting (pid: 3591)
[2019-07-24 08:10:38 -0500] [3754] [INFO] Booting worker with pid: 3754
[2019-07-24 08:25:42 -0500] [2160] [CRITICAL] WORKER TIMEOUT (pid:3754)
[2019-07-24 08:25:45 -0500] [4560] [INFO] Booting worker with pid: 4560
[2019-07-24 08:47:29 -0500] [2688] [INFO] Starting gunicorn 19.9.0
[2019-07-24 08:47:29 -0500] [2688] [INFO] Listening at: http://127.0.0.1:4449 (2688)
[2019-07-24 08:47:29 -0500] [2688] [INFO] Using worker: sync
[2019-07-24 08:47:29 -0500] [2977] [INFO] Booting worker with pid: 2977
[2019-07-24 08:47:59 -0500] [2688] [CRITICAL] WORKER TIMEOUT (pid:2977)
[2019-07-24 08:48:00 -0500] [2977] [INFO] Worker exiting (pid: 2977)
[2019-07-24 08:48:00 -0500] [3035] [INFO] Booting worker with pid: 3035
[2019-07-24 08:48:30 -0500] [2688] [CRITICAL] WORKER TIMEOUT (pid:3035)
[2019-07-24 08:48:31 -0500] [3035] [INFO] Worker exiting (pid: 3035)
[2019-07-24 08:48:33 -0500] [3328] [INFO] Booting worker with pid: 3328
[2019-07-24 08:49:04 -0500] [2688] [CRITICAL] WORKER TIMEOUT (pid:3328)
[2019-07-24 08:49:05 -0500] [3488] [INFO] Booting worker with pid: 3488
[2019-07-24 08:49:35 -0500] [2688] [CRITICAL] WORKER TIMEOUT (pid:3488)
[2019-07-24 08:49:35 -0500] [3488] [INFO] Worker exiting (pid: 3488)
[2019-07-24 08:49:35 -0500] [3597] [INFO] Booting worker with pid: 3597
[2019-07-24 08:50:05 -0500] [2688] [CRITICAL] WORKER TIMEOUT (pid:3597)
[2019-07-24 08:50:09 -0500] [3706] [INFO] Booting worker with pid: 3706
[2019-07-24 08:50:39 -0500] [2688] [CRITICAL] WORKER TIMEOUT (pid:3706)
[2019-07-24 08:50:46 -0500] [3826] [INFO] Booting worker with pid: 3826
[2019-07-24 08:51:16 -0500] [2688] [CRITICAL] WORKER TIMEOUT (pid:3826)
[2019-07-24 08:51:33 -0500] [3914] [INFO] Booting worker with pid: 3914
[2019-07-24 08:52:03 -0500] [2688] [CRITICAL] WORKER TIMEOUT (pid:3914)
[2019-07-24 08:52:03 -0500] [3914] [INFO] Worker exiting (pid: 3914)
[2019-07-24 08:52:03 -0500] [4067] [INFO] Booting worker with pid: 4067
[2019-07-24 08:52:33 -0500] [2688] [CRITICAL] WORKER TIMEOUT (pid:4067)
[2019-07-24 08:52:34 -0500] [4067] [INFO] Worker exiting (pid: 4067)
[2019-07-24 08:52:34 -0500] [4230] [INFO] Booting worker with pid: 4230
[2019-07-24 08:56:23 -0500] [2688] [INFO] Handling signal: term
[2019-07-24 08:56:25 -0500] [4230] [INFO] Worker exiting (pid: 4230)
[2019-07-24 08:56:26 -0500] [2688] [INFO] Shutting down: Master
[2019-07-24 08:56:43 -0500] [5041] [INFO] Starting gunicorn 19.9.0
[2019-07-24 08:56:43 -0500] [5041] [INFO] Listening at: http://127.0.0.1:4449 (5041)
[2019-07-24 08:56:43 -0500] [5041] [INFO] Using worker: sync
[2019-07-24 08:56:43 -0500] [5138] [INFO] Booting worker with pid: 5138
[2019-07-24 10:00:46 -0500] [5041] [CRITICAL] WORKER TIMEOUT (pid:5138)
[2019-07-24 10:00:48 -0500] [10631] [INFO] Booting worker with pid: 10631
[2019-07-24 12:41:20 -0500] [2694] [INFO] Starting gunicorn 19.9.0
[2019-07-24 12:41:20 -0500] [2694] [INFO] Listening at: http://127.0.0.1:4449 (2694)
[2019-07-24 12:41:20 -0500] [2694] [INFO] Using worker: sync
[2019-07-24 12:41:20 -0500] [2890] [INFO] Booting worker with pid: 2890
[2019-07-24 12:41:50 -0500] [2694] [CRITICAL] WORKER TIMEOUT (pid:2890)
[2019-07-24 12:41:50 -0500] [2890] [INFO] Worker exiting (pid: 2890)
[2019-07-24 12:41:52 -0500] [3086] [INFO] Booting worker with pid: 3086
[2019-07-24 12:42:22 -0500] [2694] [CRITICAL] WORKER TIMEOUT (pid:3086)
[2019-07-24 12:42:23 -0500] [3086] [INFO] Worker exiting (pid: 3086)
[2019-07-24 12:42:23 -0500] [3687] [INFO] Booting worker with pid: 3687
[2019-07-24 12:42:53 -0500] [2694] [CRITICAL] WORKER TIMEOUT (pid:3687)
[2019-07-24 12:42:53 -0500] [3687] [INFO] Worker exiting (pid: 3687)
[2019-07-24 12:42:53 -0500] [3745] [INFO] Booting worker with pid: 3745
